[2022-07-08 14:31:51] local.ERROR: In order to use the Auth::routes() method, please install the laravel/ui package. {"exception":"[object] (RuntimeException(code: 0): In order to use the Auth::routes() method, please install the laravel/ui package. at D:\\PEMBELAJARAN\\S4\\Pemrograman Web\\praktikum\\modul 5\\tubes\\vendor\\laravel\\framework\\src\\Illuminate\\Support\\Facades\\Auth.php:60)
[stacktrace]
#0 D:\\PEMBELAJARAN\\S4\\Pemrograman Web\\praktikum\\modul 5\\tubes\outes\\web.php(35): Illuminate\\Support\\Facades\\Auth::routes()
#1 D:\\PEMBELAJARAN\\S4\\Pemrograman Web\\praktikum\\modul 5\\tubes\\vendor\\laravel\\framework\\src\\Illuminate\\Routing\\RouteFileRegistrar.php(35): require('D:\\\\PEMBELAJARAN...')
#2 D:\\PEMBELAJARAN\\S4\\Pemrograman Web\\praktikum\\modul 5\\tubes\\vendor\\laravel\\framework\\src\\Illuminate\\Routing\\Router.php(430): Illuminate\\Routing\\RouteFileRegistrar->register('D:\\\\PEMBELAJARAN...')
#3 D:\\PEMBELAJARAN\\S4\\Pemrograman Web\\praktikum\\modul 5\\tubes\\vendor\\laravel\\framework\\src\\Illuminate\\Routing\\Router.php(386): Illuminate\\Routing\\Router->loadRoutes('D:\\\\PEMBELAJARAN...')
#4 D:\\PEMBELAJARAN\\S4\\Pemrograman Web\\praktikum\\modul 5\\tubes\\vendor\\laravel\\framework\\src\\Illuminate\\Routing\\RouteRegistrar.php(163): Illuminate\\Routing\\Router->group(Array, 'D:\\\\PEMBELAJARAN...')
#5 D:\\PEMBELAJARAN\\S4\\Pemrograman Web\\praktikum\\modul 5\\tubes\\app\\Providers\\RouteServiceProvider.php(41): Illuminate\\Routing\\RouteRegistrar->group('D:\\\\PEMBELAJARAN...')
#6 D:\\PEMBELAJARAN\\S4\\Pemrograman Web\\praktikum\\modul 5\\tubes\\vendor\\laravel\\framework\\src\\Illuminate\\Container\\BoundMethod.php(36): App\\Providers\\RouteServiceProvider->App\\Providers\\{closure}()
#7 D:\\PEMBELAJARAN\\S4\\Pemrograman Web\\praktikum\\modul 5\\tubes\\vendor\\laravel\\framework\\src\\Illuminate\\Container\\Util.php(41): Illuminate\\Container\\BoundMethod::Illuminate\\Container\\{closure}()
#8 D:\\PEMBELAJARAN\\S4\\Pemrograman Web\\praktikum\\modul 5\\tubes\\vendor\\laravel\\framework\\src\\Illuminate\\Container\\BoundMethod.php(81): Illuminate\\Container\\Util::unwrapIfClosure(Object(Closure))
#9 D:\\PEMBELAJARAN\\S4\\Pemrograman Web\\praktikum\\modul 5\\tubes\\vendor\\laravel\\framework\\src\\Illuminate\\Container\\BoundMethod.php(37): Illuminate\\Container\\BoundMethod::callBoundMethod(Object(Illuminate\\Foundation\\Application), Object(Closure), Object(Closure))
#10 D:\\PEMBELAJARAN\\S4\\Pemrograman Web\\praktikum\\modul 5\\tubes\\vendor\\laravel\\framework\\src\\Illuminate\\Container\\Container.php(651): Illuminate\\Container\\BoundMethod::call(Object(Illuminate\\Foundation\\Application), Object(Closure), Array, NULL)
#11 D:\\PEMBELAJARAN\\S4\\Pemrograman Web\\praktikum\\modul 5\\tubes\\vendor\\laravel\\framework\\src\\Illuminate\\Foundation\\Support\\Providers\\RouteServiceProvider.php(120): Illuminate\\Container\\Container->call(Object(Closure))
#12 D:\\PEMBELAJARAN\\S4\\Pemrograman Web\\praktikum\\modul 5\\tubes\\vendor\\laravel\\framework\\src\\Illuminate\\Foundation\\Support\\Providers\\RouteServiceProvider.php(45): Illuminate\\Foundation\\Support\\Providers\\RouteServiceProvider->loadRoutes()
#13 D:\\PEMBELAJARAN\\S4\\Pemrograman Web\\praktikum\\modul 5\\tubes\\vendor\\laravel\\framework\\src\\Illuminate\\Container\\BoundMethod.php(36): Illuminate\\Foundation\\Support\\Providers\\RouteServiceProvider->Illuminate\\Foundation\\Support\\Providers\\{closure}()
#14 D:\\PEMBELAJARAN\\S4\\Pemrograman Web\\praktikum\\modul 5\\tubes\\vendor\\laravel\\framework\\src\\Illuminate\\Container\\Util.php(41): Illuminate\\Container\\BoundMethod::Illuminate\\Container\\{closure}()
#15 D:\\PEMBELAJARAN\\S4\\Pemrograman Web\\praktikum\\modul 5\\tubes\\vendor\\laravel\\framework\\src\\Illuminate\\Container\\BoundMethod.php(81): Illuminate\\Container\\Util::unwrapIfClosure(Object(Closure))
#16 D:\\PEMBELAJARAN\\S4\\Pemrograman Web\\praktikum\\modul 5\\tubes\\vendor\\laravel\\framework\\src\\Illuminate\\Container\\BoundMethod.php(37): Illuminate\\Container\\BoundMethod::callBoundMethod(Object(Illuminate\\Foundation\\Application), Object(Closure), Object(Closure))
#17 D:\\PEMBELAJARAN\\S4\\Pemrograman Web\\praktikum\\modul 5\\tubes\\vendor\\laravel\\framework\\src\\Illuminate\\Container\\Container.php(651): Illuminate\\Container\\BoundMethod::call(Object(Illuminate\\Foundation\\Application), Object(Closure), Array, NULL)
#18 D:\\PEMBELAJARAN\\S4\\Pemrograman Web\\praktikum\\modul 5\\tubes\\vendor\\laravel\\framework\\src\\Illuminate\\Support\\ServiceProvider.php(119): Illuminate\\Container\\Container->call(Object(Closure))
#19 D:\\PEMBELAJARAN\\S4\\Pemrograman Web\\praktikum\\modul 5\\tubes\\vendor\\laravel\\framework\\src\\Illuminate\\Foundation\\Application.php(931): Illuminate\\Support\\ServiceProvider->callBootedCallbacks()
#20 D:\\PEMBELAJARAN\\S4\\Pemrograman Web\\praktikum\\modul 5\\tubes\\vendor\\laravel\\framework\\src\\Illuminate\\Foundation\\Application.php(909): Illuminate\\Foundation\\Application->bootProvider(Object(App\\Providers\\RouteServiceProvider))
#21 [internal function]: Illuminate\\Foundation\\Application->Illuminate\\Foundation\\{closure}(Object(App\\Providers\\RouteServiceProvider), 22)
#22 D:\\PEMBELAJARAN\\S4\\Pemrograman Web\\praktikum\\modul 5\\tubes\\vendor\\laravel\\framework\\src\\Illuminate\\Foundation\\Application.php(910): array_walk(Array, Object(Closure))
#23 D:\\PEMBELAJARAN\\S4\\Pemrograman Web\\praktikum\\modul 5\\tubes\\vendor\\laravel\\framework\\src\\Illuminate\\Foundation\\Bootstrap\\BootProviders.php(17): Illuminate\\Foundation\\Application->boot()
#24 D:\\PEMBELAJARAN\\S4\\Pemrograman Web\\praktikum\\modul 5\\tubes\\vendor\\laravel\\framework\\src\\Illuminate\\Foundation\\Application.php(239): Illuminate\\Foundation\\Bootstrap\\BootProviders->bootstrap(Object(Illuminate\\Foundation\\Application))
#25 D:\\PEMBELAJARAN\\S4\\Pemrograman Web\\praktikum\\modul 5\\tubes\\vendor\\laravel\\framework\\src\\Illuminate\\Foundation\\Console\\Kernel.php(310): Illuminate\\Foundation\\Application->bootstrapWith(Array)
#26 D:\\PEMBELAJARAN\\S4\\Pemrograman Web\\praktikum\\modul 5\\tubes\\vendor\\laravel\\framework\\src\\Illuminate\\Foundation\\Console\\Kernel.php(127): Illuminate\\Foundation\\Console\\Kernel->bootstrap()
#27 D:\\PEMBELAJARAN\\S4\\Pemrograman Web\\praktikum\\modul 5\\tubes\\artisan(37): Illuminate\\Foundation\\Console\\Kernel->handle(Object(Symfony\\Component\\Console\\Input\\ArgvInput), Object(Symfony\\Component\\Console\\Output\\ConsoleOutput))
#28 {main}
"} 
[2022-07-08 14:34:11] local.ERROR: In order to use the Auth::routes() method, please install the laravel/ui package. {"exception":"[object] (RuntimeException(code: 0): In order to use the Auth::routes() method, please install the laravel/ui package. at D:\\PEMBELAJARAN\\S4\\Pemrograman Web\\praktikum\\modul 5\\tubes\\vendor\\laravel\\framework\\src\\Illuminate\\Support\\Facades\\Auth.php:60)
[stacktrace]
#0 D:\\PEMBELAJARAN\\S4\\Pemrograman Web\\praktikum\\modul 5\\tubes\outes\\web.php(35): Illuminate\\Support\\Facades\\Auth::routes()
#1 D:\\PEMBELAJARAN\\S4\\Pemrograman Web\\praktikum\\modul 5\\tubes\\vendor\\laravel\\framework\\src\\Illuminate\\Routing\\RouteFileRegistrar.php(35): require('D:\\\\PEMBELAJARAN...')
#2 D:\\PEMBELAJARAN\\S4\\Pemrograman Web\\praktikum\\modul 5\\tubes\\vendor\\laravel\\framework\\src\\Illuminate\\Routing\\Router.php(430): Illuminate\\Routing\\RouteFileRegistrar->register('D:\\\\PEMBELAJARAN...')
#3 D:\\PEMBELAJARAN\\S4\\Pemrograman Web\\praktikum\\modul 5\\tubes\\vendor\\laravel\\framework\\src\\Illuminate\\Routing\\Router.php(386): Illuminate\\Routing\\Router->loadRoutes('D:\\\\PEMBELAJARAN...')
#4 D:\\PEMBELAJARAN\\S4\\Pemrograman Web\\praktikum\\modul 5\\tubes\\vendor\\laravel\\framework\\src\\Illuminate\\Routing\\RouteRegistrar.php(163): Illuminate\\Routing\\Router->group(Array, 'D:\\\\PEMBELAJARAN...')
#5 D:\\PEMBELAJARAN\\S4\\Pemrograman Web\\praktikum\\modul 5\\tubes\\app\\Providers\\RouteServiceProvider.php(41): Illuminate\\Routing\\RouteRegistrar->group('D:\\\\PEMBELAJARAN...')
#6 D:\\PEMBELAJARAN\\S4\\Pemrograman Web\\praktikum\\modul 5\\tubes\\vendor\\laravel\\framework\\src\\Illuminate\\Container\\BoundMethod.php(36): App\\Providers\\RouteServiceProvider->App\\Providers\\{closure}()
#7 D:\\PEMBELAJARAN\\S4\\Pemrograman Web\\praktikum\\modul 5\\tubes\\vendor\\laravel\\framework\\src\\Illuminate\\Container\\Util.php(41): Illuminate\\Container\\BoundMethod::Illuminate\\Container\\{closure}()
#8 D:\\PEMBELAJARAN\\S4\\Pemrograman Web\\praktikum\\modul 5\\tubes\\vendor\\laravel\\framework\\src\\Illuminate\\Container\\BoundMethod.php(81): Illuminate\\Container\\Util::unwrapIfClosure(Object(Closure))
#9 D:\\PEMBELAJARAN\\S4\\Pemrograman Web\\praktikum\\modul 5\\tubes\\vendor\\laravel\\framework\\src\\Illuminate\\Container\\BoundMethod.php(37): Illuminate\\Container\\BoundMethod::callBoundMethod(Object(Illuminate\\Foundation\\Application), Object(Closure), Object(Closure))
#10 D:\\PEMBELAJARAN\\S4\\Pemrograman Web\\praktikum\\modul 5\\tubes\\vendor\\laravel\\framework\\src\\Illuminate\\Container\\Container.php(651): Illuminate\\Container\\BoundMethod::call(Object(Illuminate\\Foundation\\Application), Object(Closure), Array, NULL)
#11 D:\\PEMBELAJARAN\\S4\\Pemrograman Web\\praktikum\\modul 5\\tubes\\vendor\\laravel\\framework\\src\\Illuminate\\Foundation\\Support\\Providers\\RouteServiceProvider.php(120): Illuminate\\Container\\Container->call(Object(Closure))
#12 D:\\PEMBELAJARAN\\S4\\Pemrograman Web\\praktikum\\modul 5\\tubes\\vendor\\laravel\\framework\\src\\Illuminate\\Foundation\\Support\\Providers\\RouteServiceProvider.php(45): Illuminate\\Foundation\\Support\\Providers\\RouteServiceProvider->loadRoutes()
#13 D:\\PEMBELAJARAN\\S4\\Pemrograman Web\\praktikum\\modul 5\\tubes\\vendor\\laravel\\framework\\src\\Illuminate\\Container\\BoundMethod.php(36): Illuminate\\Foundation\\Support\\Providers\\RouteServiceProvider->Illuminate\\Foundation\\Support\\Providers\\{closure}()
#14 D:\\PEMBELAJARAN\\S4\\Pemrograman Web\\praktikum\\modul 5\\tubes\\vendor\\laravel\\framework\\src\\Illuminate\\Container\\Util.php(41): Illuminate\\Container\\BoundMethod::Illuminate\\Container\\{closure}()
#15 D:\\PEMBELAJARAN\\S4\\Pemrograman Web\\praktikum\\modul 5\\tubes\\vendor\\laravel\\framework\\src\\Illuminate\\Container\\BoundMethod.php(81): Illuminate\\Container\\Util::unwrapIfClosure(Object(Closure))
#16 D:\\PEMBELAJARAN\\S4\\Pemrograman Web\\praktikum\\modul 5\\tubes\\vendor\\laravel\\framework\\src\\Illuminate\\Container\\BoundMethod.php(37): Illuminate\\Container\\BoundMethod::callBoundMethod(Object(Illuminate\\Foundation\\Application), Object(Closure), Object(Closure))
#17 D:\\PEMBELAJARAN\\S4\\Pemrograman Web\\praktikum\\modul 5\\tubes\\vendor\\laravel\\framework\\src\\Illuminate\\Container\\Container.php(651): Illuminate\\Container\\BoundMethod::call(Object(Illuminate\\Foundation\\Application), Object(Closure), Array, NULL)
#18 D:\\PEMBELAJARAN\\S4\\Pemrograman Web\\praktikum\\modul 5\\tubes\\vendor\\laravel\\framework\\src\\Illuminate\\Support\\ServiceProvider.php(119): Illuminate\\Container\\Container->call(Object(Closure))
#19 D:\\PEMBELAJARAN\\S4\\Pemrograman Web\\praktikum\\modul 5\\tubes\\vendor\\laravel\\framework\\src\\Illuminate\\Foundation\\Application.php(931): Illuminate\\Support\\ServiceProvider->callBootedCallbacks()
#20 D:\\PEMBELAJARAN\\S4\\Pemrograman Web\\praktikum\\modul 5\\tubes\\vendor\\laravel\\framework\\src\\Illuminate\\Foundation\\Application.php(909): Illuminate\\Foundation\\Application->bootProvider(Object(App\\Providers\\RouteServiceProvider))
#21 [internal function]: Illuminate\\Foundation\\Application->Illuminate\\Foundation\\{closure}(Object(App\\Providers\\RouteServiceProvider), 22)
#22 D:\\PEMBELAJARAN\\S4\\Pemrograman Web\\praktikum\\modul 5\\tubes\\vendor\\laravel\\framework\\src\\Illuminate\\Foundation\\Application.php(910): array_walk(Array, Object(Closure))
#23 D:\\PEMBELAJARAN\\S4\\Pemrograman Web\\praktikum\\modul 5\\tubes\\vendor\\laravel\\framework\\src\\Illuminate\\Foundation\\Bootstrap\\BootProviders.php(17): Illuminate\\Foundation\\Application->boot()
#24 D:\\PEMBELAJARAN\\S4\\Pemrograman Web\\praktikum\\modul 5\\tubes\\vendor\\laravel\\framework\\src\\Illuminate\\Foundation\\Application.php(239): Illuminate\\Foundation\\Bootstrap\\BootProviders->bootstrap(Object(Illuminate\\Foundation\\Application))
#25 D:\\PEMBELAJARAN\\S4\\Pemrograman Web\\praktikum\\modul 5\\tubes\\vendor\\laravel\\framework\\src\\Illuminate\\Foundation\\Console\\Kernel.php(310): Illuminate\\Foundation\\Application->bootstrapWith(Array)
#26 D:\\PEMBELAJARAN\\S4\\Pemrograman Web\\praktikum\\modul 5\\tubes\\vendor\\laravel\\framework\\src\\Illuminate\\Foundation\\Console\\Kernel.php(127): Illuminate\\Foundation\\Console\\Kernel->bootstrap()
#27 D:\\PEMBELAJARAN\\S4\\Pemrograman Web\\praktikum\\modul 5\\tubes\\artisan(37): Illuminate\\Foundation\\Console\\Kernel->handle(Object(Symfony\\Component\\Console\\Input\\ArgvInput), Object(Symfony\\Component\\Console\\Output\\ConsoleOutput))
#28 {main}
"} 
